mode: atomic
github.com/srockstyle/mackerel-plugin-puma-v2/internal/presentation/mackerel_formatter.go:14.55,18.2 1 0
github.com/srockstyle/mackerel-plugin-puma-v2/internal/presentation/mackerel_formatter.go:21.65,102.2 1 0
github.com/srockstyle/mackerel-plugin-puma-v2/internal/presentation/mackerel_formatter.go:105.96,108.42 2 0
github.com/srockstyle/mackerel-plugin-puma-v2/internal/presentation/mackerel_formatter.go:108.42,111.3 2 0
github.com/srockstyle/mackerel-plugin-puma-v2/internal/presentation/mackerel_formatter.go:113.2,113.15 1 0
github.com/srockstyle/mackerel-plugin-puma-v2/internal/presentation/mackerel_formatter.go:117.61,119.2 1 0
github.com/srockstyle/mackerel-plugin-puma-v2/cmd/mackerel-plugin-puma-v2/main.go:26.47,28.2 1 0
github.com/srockstyle/mackerel-plugin-puma-v2/cmd/mackerel-plugin-puma-v2/main.go:31.61,33.2 1 0
github.com/srockstyle/mackerel-plugin-puma-v2/cmd/mackerel-plugin-puma-v2/main.go:36.65,44.81 5 0
github.com/srockstyle/mackerel-plugin-puma-v2/cmd/mackerel-plugin-puma-v2/main.go:44.81,46.3 1 0
github.com/srockstyle/mackerel-plugin-puma-v2/cmd/mackerel-plugin-puma-v2/main.go:46.8,46.81 1 0
github.com/srockstyle/mackerel-plugin-puma-v2/cmd/mackerel-plugin-puma-v2/main.go:46.81,48.3 1 0
github.com/srockstyle/mackerel-plugin-puma-v2/cmd/mackerel-plugin-puma-v2/main.go:48.8,50.3 1 0
github.com/srockstyle/mackerel-plugin-puma-v2/cmd/mackerel-plugin-puma-v2/main.go:52.2,52.16 1 0
github.com/srockstyle/mackerel-plugin-puma-v2/cmd/mackerel-plugin-puma-v2/main.go:52.16,54.3 1 0
github.com/srockstyle/mackerel-plugin-puma-v2/cmd/mackerel-plugin-puma-v2/main.go:56.2,56.51 1 0
github.com/srockstyle/mackerel-plugin-puma-v2/cmd/mackerel-plugin-puma-v2/main.go:59.13,78.22 9 0
github.com/srockstyle/mackerel-plugin-puma-v2/cmd/mackerel-plugin-puma-v2/main.go:78.22,80.3 1 0
github.com/srockstyle/mackerel-plugin-puma-v2/cmd/mackerel-plugin-puma-v2/main.go:80.8,82.61 1 0
github.com/srockstyle/mackerel-plugin-puma-v2/cmd/mackerel-plugin-puma-v2/main.go:82.61,84.4 1 0
github.com/srockstyle/mackerel-plugin-puma-v2/cmd/mackerel-plugin-puma-v2/main.go:88.2,88.29 1 0
github.com/srockstyle/mackerel-plugin-puma-v2/cmd/mackerel-plugin-puma-v2/main.go:88.29,90.3 1 0
github.com/srockstyle/mackerel-plugin-puma-v2/cmd/mackerel-plugin-puma-v2/main.go:93.2,93.42 1 0
github.com/srockstyle/mackerel-plugin-puma-v2/cmd/mackerel-plugin-puma-v2/main.go:93.42,95.3 1 0
github.com/srockstyle/mackerel-plugin-puma-v2/cmd/mackerel-plugin-puma-v2/main.go:98.2,102.18 4 0
github.com/srockstyle/mackerel-plugin-puma-v2/cmd/mackerel-plugin-puma-v2/main.go:102.18,105.3 2 0
github.com/srockstyle/mackerel-plugin-puma-v2/cmd/mackerel-plugin-puma-v2/main.go:105.8,107.3 1 0
github.com/srockstyle/mackerel-plugin-puma-v2/cmd/mackerel-plugin-puma-v2/main.go:109.2,119.14 4 0
github.com/srockstyle/mackerel-plugin-puma-v2/internal/application/collector.go:26.80,38.2 2 0
github.com/srockstyle/mackerel-plugin-puma-v2/internal/application/collector.go:41.91,44.34 2 0
github.com/srockstyle/mackerel-plugin-puma-v2/internal/application/collector.go:44.34,45.12 1 0
github.com/srockstyle/mackerel-plugin-puma-v2/internal/application/collector.go:45.12,47.11 2 0
github.com/srockstyle/mackerel-plugin-puma-v2/internal/application/collector.go:48.22,49.26 1 0
github.com/srockstyle/mackerel-plugin-puma-v2/internal/application/collector.go:50.39,50.39 0 0
github.com/srockstyle/mackerel-plugin-puma-v2/internal/application/collector.go:54.3,55.17 2 0
github.com/srockstyle/mackerel-plugin-puma-v2/internal/application/collector.go:55.17,57.4 1 0
github.com/srockstyle/mackerel-plugin-puma-v2/internal/application/collector.go:59.3,60.48 2 0
github.com/srockstyle/mackerel-plugin-puma-v2/internal/application/collector.go:63.2,63.81 1 0
github.com/srockstyle/mackerel-plugin-puma-v2/internal/application/collector.go:67.102,74.12 5 0
github.com/srockstyle/mackerel-plugin-puma-v2/internal/application/collector.go:74.12,76.17 2 0
github.com/srockstyle/mackerel-plugin-puma-v2/internal/application/collector.go:76.17,79.4 2 0
github.com/srockstyle/mackerel-plugin-puma-v2/internal/application/collector.go:80.3,80.21 1 0
github.com/srockstyle/mackerel-plugin-puma-v2/internal/application/collector.go:83.2,83.9 1 0
github.com/srockstyle/mackerel-plugin-puma-v2/internal/application/collector.go:84.20,85.62 1 0
github.com/srockstyle/mackerel-plugin-puma-v2/internal/application/collector.go:86.24,87.18 1 0
github.com/srockstyle/mackerel-plugin-puma-v2/internal/application/collector.go:88.28,89.20 1 0
github.com/srockstyle/mackerel-plugin-puma-v2/internal/application/collector.go:94.97,96.29 1 0
github.com/srockstyle/mackerel-plugin-puma-v2/internal/application/collector.go:96.29,98.17 2 0
github.com/srockstyle/mackerel-plugin-puma-v2/internal/application/collector.go:98.17,101.4 2 0
github.com/srockstyle/mackerel-plugin-puma-v2/internal/application/collector.go:101.9,104.4 2 0
github.com/srockstyle/mackerel-plugin-puma-v2/internal/application/collector.go:107.2,108.16 2 0
github.com/srockstyle/mackerel-plugin-puma-v2/internal/application/collector.go:108.16,110.3 1 0
github.com/srockstyle/mackerel-plugin-puma-v2/internal/application/collector.go:113.2,115.16 3 0
github.com/srockstyle/mackerel-plugin-puma-v2/internal/application/collector.go:115.16,117.3 1 0
github.com/srockstyle/mackerel-plugin-puma-v2/internal/application/collector.go:119.2,119.24 1 0
github.com/srockstyle/mackerel-plugin-puma-v2/internal/application/config.go:31.30,41.2 1 0
github.com/srockstyle/mackerel-plugin-puma-v2/internal/application/config.go:44.35,45.24 1 0
github.com/srockstyle/mackerel-plugin-puma-v2/internal/application/config.go:45.24,46.19 1 0
github.com/srockstyle/mackerel-plugin-puma-v2/internal/application/config.go:46.19,48.4 1 0
github.com/srockstyle/mackerel-plugin-puma-v2/internal/application/config.go:49.3,49.19 1 0
github.com/srockstyle/mackerel-plugin-puma-v2/internal/application/config.go:49.19,51.4 1 0
github.com/srockstyle/mackerel-plugin-puma-v2/internal/application/config.go:52.3,52.48 1 0
github.com/srockstyle/mackerel-plugin-puma-v2/internal/application/config.go:52.48,54.4 1 0
github.com/srockstyle/mackerel-plugin-puma-v2/internal/application/config.go:57.2,57.20 1 0
github.com/srockstyle/mackerel-plugin-puma-v2/internal/application/config.go:57.20,59.3 1 0
github.com/srockstyle/mackerel-plugin-puma-v2/internal/application/config.go:61.2,61.22 1 0
github.com/srockstyle/mackerel-plugin-puma-v2/internal/application/config.go:61.22,63.3 1 0
github.com/srockstyle/mackerel-plugin-puma-v2/internal/application/config.go:65.2,65.12 1 0
github.com/srockstyle/mackerel-plugin-puma-v2/internal/application/config.go:69.38,70.24 1 0
github.com/srockstyle/mackerel-plugin-puma-v2/internal/application/config.go:70.24,72.3 1 0
github.com/srockstyle/mackerel-plugin-puma-v2/internal/application/config.go:73.2,73.60 1 0
github.com/srockstyle/mackerel-plugin-puma-v2/internal/application/extended_collector.go:17.84,21.2 1 0
github.com/srockstyle/mackerel-plugin-puma-v2/internal/application/extended_collector.go:24.116,27.16 2 0
github.com/srockstyle/mackerel-plugin-puma-v2/internal/application/extended_collector.go:27.16,29.3 1 0
github.com/srockstyle/mackerel-plugin-puma-v2/internal/application/extended_collector.go:32.2,39.24 5 0
github.com/srockstyle/mackerel-plugin-puma-v2/internal/application/extended_collector.go:43.90,84.2 7 0
github.com/srockstyle/mackerel-plugin-puma-v2/internal/application/extended_collector.go:87.93,97.2 2 0
github.com/srockstyle/mackerel-plugin-puma-v2/internal/application/extended_collector.go:100.90,112.2 2 0
github.com/srockstyle/mackerel-plugin-puma-v2/internal/application/extended_collector.go:115.110,117.16 2 0
github.com/srockstyle/mackerel-plugin-puma-v2/internal/application/extended_collector.go:117.16,121.3 2 0
github.com/srockstyle/mackerel-plugin-puma-v2/internal/application/extended_collector.go:123.2,126.64 2 0
github.com/srockstyle/mackerel-plugin-puma-v2/internal/application/extended_collector.go:126.64,134.3 1 0
github.com/srockstyle/mackerel-plugin-puma-v2/internal/application/extended_collector.go:136.2,136.71 1 0
github.com/srockstyle/mackerel-plugin-puma-v2/internal/application/extended_collector.go:136.71,144.3 1 0
github.com/srockstyle/mackerel-plugin-puma-v2/internal/application/extended_collector.go:146.2,146.75 1 0
github.com/srockstyle/mackerel-plugin-puma-v2/internal/application/extended_collector.go:146.75,154.3 1 0
github.com/srockstyle/mackerel-plugin-puma-v2/internal/application/extended_collector.go:158.63,159.25 1 0
github.com/srockstyle/mackerel-plugin-puma-v2/internal/application/extended_collector.go:160.15,161.17 1 0
github.com/srockstyle/mackerel-plugin-puma-v2/internal/application/extended_collector.go:162.11,163.26 1 0
github.com/srockstyle/mackerel-plugin-puma-v2/internal/application/extended_collector.go:164.13,165.26 1 0
github.com/srockstyle/mackerel-plugin-puma-v2/internal/application/extended_collector.go:166.14,167.26 1 0
github.com/srockstyle/mackerel-plugin-puma-v2/internal/application/extended_collector.go:168.10,169.18 1 0
github.com/srockstyle/mackerel-plugin-puma-v2/internal/domain/metric.go:28.35,29.18 1 15
github.com/srockstyle/mackerel-plugin-puma-v2/internal/domain/metric.go:29.18,31.3 1 1
github.com/srockstyle/mackerel-plugin-puma-v2/internal/domain/metric.go:32.2,32.62 1 14
github.com/srockstyle/mackerel-plugin-puma-v2/internal/domain/metric.go:32.62,34.3 1 1
github.com/srockstyle/mackerel-plugin-puma-v2/internal/domain/metric.go:35.2,35.12 1 13
github.com/srockstyle/mackerel-plugin-puma-v2/internal/domain/metric.go:44.46,48.2 1 4
github.com/srockstyle/mackerel-plugin-puma-v2/internal/domain/metric.go:51.54,52.42 1 11
github.com/srockstyle/mackerel-plugin-puma-v2/internal/domain/metric.go:52.42,54.3 1 0
github.com/srockstyle/mackerel-plugin-puma-v2/internal/domain/metric.go:55.2,56.12 2 11
github.com/srockstyle/mackerel-plugin-puma-v2/internal/domain/metric.go:60.44,62.2 1 2
github.com/srockstyle/mackerel-plugin-puma-v2/internal/domain/metric.go:65.74,66.73 1 1
github.com/srockstyle/mackerel-plugin-puma-v2/internal/domain/metric.go:66.73,68.3 1 5
github.com/srockstyle/mackerel-plugin-puma-v2/internal/domain/metric.go:72.65,73.44 1 1
github.com/srockstyle/mackerel-plugin-puma-v2/internal/domain/metric.go:73.44,74.32 1 1
github.com/srockstyle/mackerel-plugin-puma-v2/internal/domain/metric.go:74.32,75.20 1 3
github.com/srockstyle/mackerel-plugin-puma-v2/internal/domain/metric.go:75.20,77.5 1 0
github.com/srockstyle/mackerel-plugin-puma-v2/internal/domain/metric.go:83.37,86.2 2 1
github.com/srockstyle/mackerel-plugin-puma-v2/internal/infrastructure/http_client.go:19.86,24.2 1 0
github.com/srockstyle/mackerel-plugin-puma-v2/internal/infrastructure/http_client.go:27.61,29.16 2 0
github.com/srockstyle/mackerel-plugin-puma-v2/internal/infrastructure/http_client.go:29.16,31.3 1 0
github.com/srockstyle/mackerel-plugin-puma-v2/internal/infrastructure/http_client.go:32.2,35.68 2 0
github.com/srockstyle/mackerel-plugin-puma-v2/internal/infrastructure/http_client.go:35.68,37.3 1 0
github.com/srockstyle/mackerel-plugin-puma-v2/internal/infrastructure/http_client.go:40.2,41.55 2 0
github.com/srockstyle/mackerel-plugin-puma-v2/internal/infrastructure/http_client.go:41.55,43.3 1 0
github.com/srockstyle/mackerel-plugin-puma-v2/internal/infrastructure/http_client.go:46.2,50.16 3 0
github.com/srockstyle/mackerel-plugin-puma-v2/internal/infrastructure/http_client.go:50.16,52.3 1 0
github.com/srockstyle/mackerel-plugin-puma-v2/internal/infrastructure/http_client.go:53.2,55.38 2 0
github.com/srockstyle/mackerel-plugin-puma-v2/internal/infrastructure/http_client.go:55.38,57.3 1 0
github.com/srockstyle/mackerel-plugin-puma-v2/internal/infrastructure/http_client.go:59.2,60.16 2 0
github.com/srockstyle/mackerel-plugin-puma-v2/internal/infrastructure/http_client.go:60.16,62.3 1 0
github.com/srockstyle/mackerel-plugin-puma-v2/internal/infrastructure/http_client.go:64.2,64.18 1 0
github.com/srockstyle/mackerel-plugin-puma-v2/internal/infrastructure/puma_client.go:59.73,65.2 1 0
github.com/srockstyle/mackerel-plugin-puma-v2/internal/infrastructure/puma_client.go:68.79,71.34 2 0
github.com/srockstyle/mackerel-plugin-puma-v2/internal/infrastructure/puma_client.go:71.34,72.12 1 0
github.com/srockstyle/mackerel-plugin-puma-v2/internal/infrastructure/puma_client.go:72.12,73.11 1 0
github.com/srockstyle/mackerel-plugin-puma-v2/internal/infrastructure/puma_client.go:74.22,75.26 1 0
github.com/srockstyle/mackerel-plugin-puma-v2/internal/infrastructure/puma_client.go:76.39,76.39 0 0
github.com/srockstyle/mackerel-plugin-puma-v2/internal/infrastructure/puma_client.go:80.3,81.17 2 0
github.com/srockstyle/mackerel-plugin-puma-v2/internal/infrastructure/puma_client.go:81.17,83.4 1 0
github.com/srockstyle/mackerel-plugin-puma-v2/internal/infrastructure/puma_client.go:85.3,85.16 1 0
github.com/srockstyle/mackerel-plugin-puma-v2/internal/infrastructure/puma_client.go:88.2,88.81 1 0
github.com/srockstyle/mackerel-plugin-puma-v2/internal/infrastructure/puma_client.go:92.62,94.16 2 0
github.com/srockstyle/mackerel-plugin-puma-v2/internal/infrastructure/puma_client.go:94.16,96.3 1 0
github.com/srockstyle/mackerel-plugin-puma-v2/internal/infrastructure/puma_client.go:98.2,99.53 2 0
github.com/srockstyle/mackerel-plugin-puma-v2/internal/infrastructure/puma_client.go:99.53,101.3 1 0
github.com/srockstyle/mackerel-plugin-puma-v2/internal/infrastructure/puma_client.go:103.2,103.20 1 0
github.com/srockstyle/mackerel-plugin-puma-v2/internal/infrastructure/puma_client.go:107.93,109.16 2 0
github.com/srockstyle/mackerel-plugin-puma-v2/internal/infrastructure/puma_client.go:109.16,111.3 1 0
github.com/srockstyle/mackerel-plugin-puma-v2/internal/infrastructure/puma_client.go:113.2,114.55 2 0
github.com/srockstyle/mackerel-plugin-puma-v2/internal/infrastructure/puma_client.go:114.55,116.3 1 0
github.com/srockstyle/mackerel-plugin-puma-v2/internal/infrastructure/puma_client.go:118.2,118.21 1 0
github.com/srockstyle/mackerel-plugin-puma-v2/internal/infrastructure/version_detector.go:15.61,19.2 1 3
github.com/srockstyle/mackerel-plugin-puma-v2/internal/infrastructure/version_detector.go:22.78,25.16 2 3
github.com/srockstyle/mackerel-plugin-puma-v2/internal/infrastructure/version_detector.go:25.16,27.3 1 0
github.com/srockstyle/mackerel-plugin-puma-v2/internal/infrastructure/version_detector.go:30.2,30.32 1 3
github.com/srockstyle/mackerel-plugin-puma-v2/internal/infrastructure/version_detector.go:30.32,33.3 1 1
github.com/srockstyle/mackerel-plugin-puma-v2/internal/infrastructure/version_detector.go:35.2,35.62 1 2
github.com/srockstyle/mackerel-plugin-puma-v2/internal/infrastructure/version_detector.go:35.62,37.45 1 1
github.com/srockstyle/mackerel-plugin-puma-v2/internal/infrastructure/version_detector.go:37.45,39.40 1 1
github.com/srockstyle/mackerel-plugin-puma-v2/internal/infrastructure/version_detector.go:39.40,41.5 1 1
github.com/srockstyle/mackerel-plugin-puma-v2/internal/infrastructure/version_detector.go:46.2,46.19 1 1
github.com/srockstyle/mackerel-plugin-puma-v2/internal/infrastructure/version_detector.go:50.86,52.16 2 0
github.com/srockstyle/mackerel-plugin-puma-v2/internal/infrastructure/version_detector.go:52.16,55.3 1 0
github.com/srockstyle/mackerel-plugin-puma-v2/internal/infrastructure/version_detector.go:58.2,58.52 1 0
github.com/srockstyle/mackerel-plugin-puma-v2/internal/infrastructure/version_detector.go:58.52,60.3 1 0
github.com/srockstyle/mackerel-plugin-puma-v2/internal/infrastructure/version_detector.go:62.2,62.16 1 0
github.com/srockstyle/mackerel-plugin-puma-v2/internal/infrastructure/version_detector.go:66.53,70.22 3 0
github.com/srockstyle/mackerel-plugin-puma-v2/internal/infrastructure/version_detector.go:70.22,72.3 1 0
github.com/srockstyle/mackerel-plugin-puma-v2/internal/infrastructure/version_detector.go:75.2,77.22 3 0
github.com/srockstyle/mackerel-plugin-puma-v2/internal/infrastructure/version_detector.go:77.22,79.3 1 0
github.com/srockstyle/mackerel-plugin-puma-v2/internal/infrastructure/version_detector.go:82.2,84.22 3 0
github.com/srockstyle/mackerel-plugin-puma-v2/internal/infrastructure/version_detector.go:84.22,86.3 1 0
github.com/srockstyle/mackerel-plugin-puma-v2/internal/infrastructure/version_detector.go:88.2,88.19 1 0
github.com/srockstyle/mackerel-plugin-puma-v2/internal/infrastructure/version_detector.go:92.42,97.2 1 8
github.com/srockstyle/mackerel-plugin-puma-v2/internal/infrastructure/parsers/factory.go:17.40,19.2 1 0
github.com/srockstyle/mackerel-plugin-puma-v2/internal/infrastructure/parsers/factory.go:22.58,23.9 1 0
github.com/srockstyle/mackerel-plugin-puma-v2/internal/infrastructure/parsers/factory.go:24.31,25.23 1 0
github.com/srockstyle/mackerel-plugin-puma-v2/internal/infrastructure/parsers/factory.go:26.24,27.23 1 0
github.com/srockstyle/mackerel-plugin-puma-v2/internal/infrastructure/parsers/factory.go:28.10,29.23 1 0
github.com/srockstyle/mackerel-plugin-puma-v2/internal/infrastructure/parsers/factory.go:34.42,36.2 1 0
github.com/srockstyle/mackerel-plugin-puma-v2/internal/infrastructure/parsers/factory.go:39.35,41.2 1 0
github.com/srockstyle/mackerel-plugin-puma-v2/internal/infrastructure/parsers/v4.go:14.30,16.2 1 0
github.com/srockstyle/mackerel-plugin-puma-v2/internal/infrastructure/parsers/v4.go:19.93,59.44 8 0
github.com/srockstyle/mackerel-plugin-puma-v2/internal/infrastructure/parsers/v4.go:59.44,62.3 2 0
github.com/srockstyle/mackerel-plugin-puma-v2/internal/infrastructure/parsers/v4.go:64.2,64.33 1 0
github.com/srockstyle/mackerel-plugin-puma-v2/internal/infrastructure/parsers/v4.go:64.33,80.3 2 0
github.com/srockstyle/mackerel-plugin-puma-v2/internal/infrastructure/parsers/v4.go:83.2,83.26 1 0
github.com/srockstyle/mackerel-plugin-puma-v2/internal/infrastructure/parsers/v4.go:83.26,91.3 1 0
github.com/srockstyle/mackerel-plugin-puma-v2/internal/infrastructure/parsers/v4.go:93.2,93.26 1 0
github.com/srockstyle/mackerel-plugin-puma-v2/internal/infrastructure/parsers/v4.go:93.26,101.3 1 0
github.com/srockstyle/mackerel-plugin-puma-v2/internal/infrastructure/parsers/v4.go:103.2,103.24 1 0
github.com/srockstyle/mackerel-plugin-puma-v2/internal/infrastructure/parsers/v5.go:14.30,16.2 1 0
github.com/srockstyle/mackerel-plugin-puma-v2/internal/infrastructure/parsers/v5.go:19.93,58.44 8 0
github.com/srockstyle/mackerel-plugin-puma-v2/internal/infrastructure/parsers/v5.go:58.44,63.3 4 0
github.com/srockstyle/mackerel-plugin-puma-v2/internal/infrastructure/parsers/v5.go:66.2,66.33 1 0
github.com/srockstyle/mackerel-plugin-puma-v2/internal/infrastructure/parsers/v5.go:66.33,98.3 4 0
github.com/srockstyle/mackerel-plugin-puma-v2/internal/infrastructure/parsers/v5.go:101.2,101.26 1 0
github.com/srockstyle/mackerel-plugin-puma-v2/internal/infrastructure/parsers/v5.go:101.26,109.3 1 0
github.com/srockstyle/mackerel-plugin-puma-v2/internal/infrastructure/parsers/v5.go:111.2,111.26 1 0
github.com/srockstyle/mackerel-plugin-puma-v2/internal/infrastructure/parsers/v5.go:111.26,119.3 1 0
github.com/srockstyle/mackerel-plugin-puma-v2/internal/infrastructure/parsers/v5.go:121.2,121.31 1 0
github.com/srockstyle/mackerel-plugin-puma-v2/internal/infrastructure/parsers/v5.go:121.31,129.3 1 0
github.com/srockstyle/mackerel-plugin-puma-v2/internal/infrastructure/parsers/v5.go:131.2,131.29 1 0
github.com/srockstyle/mackerel-plugin-puma-v2/internal/infrastructure/parsers/v5.go:131.29,139.3 1 0
github.com/srockstyle/mackerel-plugin-puma-v2/internal/infrastructure/parsers/v5.go:141.2,141.24 1 0
github.com/srockstyle/mackerel-plugin-puma-v2/internal/infrastructure/parsers/v6.go:14.30,16.2 1 1
github.com/srockstyle/mackerel-plugin-puma-v2/internal/infrastructure/parsers/v6.go:19.93,57.32 7 3
github.com/srockstyle/mackerel-plugin-puma-v2/internal/infrastructure/parsers/v6.go:57.32,65.3 1 1
github.com/srockstyle/mackerel-plugin-puma-v2/internal/infrastructure/parsers/v6.go:68.2,68.25 1 3
github.com/srockstyle/mackerel-plugin-puma-v2/internal/infrastructure/parsers/v6.go:68.25,76.3 1 1
github.com/srockstyle/mackerel-plugin-puma-v2/internal/infrastructure/parsers/v6.go:79.2,80.44 2 3
github.com/srockstyle/mackerel-plugin-puma-v2/internal/infrastructure/parsers/v6.go:80.44,85.3 4 3
github.com/srockstyle/mackerel-plugin-puma-v2/internal/infrastructure/parsers/v6.go:88.2,88.27 1 3
github.com/srockstyle/mackerel-plugin-puma-v2/internal/infrastructure/parsers/v6.go:88.27,97.3 2 1
github.com/srockstyle/mackerel-plugin-puma-v2/internal/infrastructure/parsers/v6.go:100.2,100.33 1 3
github.com/srockstyle/mackerel-plugin-puma-v2/internal/infrastructure/parsers/v6.go:100.33,132.3 4 2
github.com/srockstyle/mackerel-plugin-puma-v2/internal/infrastructure/parsers/v6.go:135.2,135.26 1 3
github.com/srockstyle/mackerel-plugin-puma-v2/internal/infrastructure/parsers/v6.go:135.26,143.3 1 1
github.com/srockstyle/mackerel-plugin-puma-v2/internal/infrastructure/parsers/v6.go:145.2,145.26 1 3
github.com/srockstyle/mackerel-plugin-puma-v2/internal/infrastructure/parsers/v6.go:145.26,153.3 1 1
github.com/srockstyle/mackerel-plugin-puma-v2/internal/infrastructure/parsers/v6.go:155.2,155.31 1 3
github.com/srockstyle/mackerel-plugin-puma-v2/internal/infrastructure/parsers/v6.go:155.31,163.3 1 1
github.com/srockstyle/mackerel-plugin-puma-v2/internal/infrastructure/parsers/v6.go:165.2,165.29 1 3
github.com/srockstyle/mackerel-plugin-puma-v2/internal/infrastructure/parsers/v6.go:165.29,173.3 1 1
github.com/srockstyle/mackerel-plugin-puma-v2/internal/infrastructure/parsers/v6.go:175.2,175.24 1 3
github.com/srockstyle/mackerel-plugin-puma-v2/lib/gc.go:112.55,118.18 3 0
github.com/srockstyle/mackerel-plugin-puma-v2/lib/gc.go:118.18,120.62 1 0
github.com/srockstyle/mackerel-plugin-puma-v2/lib/gc.go:120.62,122.5 1 0
github.com/srockstyle/mackerel-plugin-puma-v2/lib/gc.go:124.8,126.3 1 0
github.com/srockstyle/mackerel-plugin-puma-v2/lib/gc.go:128.2,130.16 3 0
github.com/srockstyle/mackerel-plugin-puma-v2/lib/gc.go:130.16,132.3 1 0
github.com/srockstyle/mackerel-plugin-puma-v2/lib/gc.go:133.2,135.28 2 0
github.com/srockstyle/mackerel-plugin-puma-v2/lib/gc.go:135.28,137.3 1 0
github.com/srockstyle/mackerel-plugin-puma-v2/lib/gc.go:138.2,138.68 1 0
github.com/srockstyle/mackerel-plugin-puma-v2/lib/gc.go:138.68,140.3 1 0
github.com/srockstyle/mackerel-plugin-puma-v2/lib/gc.go:142.2,142.22 1 0
github.com/srockstyle/mackerel-plugin-puma-v2/lib/gc.go:145.87,151.41 3 4
github.com/srockstyle/mackerel-plugin-puma-v2/lib/gc.go:151.41,153.3 1 3
github.com/srockstyle/mackerel-plugin-puma-v2/lib/gc.go:154.2,154.41 1 4
github.com/srockstyle/mackerel-plugin-puma-v2/lib/gc.go:154.41,156.3 1 3
github.com/srockstyle/mackerel-plugin-puma-v2/lib/gc.go:159.2,159.47 1 4
github.com/srockstyle/mackerel-plugin-puma-v2/lib/gc.go:159.47,161.3 1 2
github.com/srockstyle/mackerel-plugin-puma-v2/lib/gc.go:163.2,163.100 1 4
github.com/srockstyle/mackerel-plugin-puma-v2/lib/gc.go:163.100,164.23 1 12
github.com/srockstyle/mackerel-plugin-puma-v2/lib/gc.go:164.23,166.4 1 4
github.com/srockstyle/mackerel-plugin-puma-v2/lib/gc.go:169.2,169.100 1 4
github.com/srockstyle/mackerel-plugin-puma-v2/lib/gc.go:169.100,170.23 1 12
github.com/srockstyle/mackerel-plugin-puma-v2/lib/gc.go:170.23,172.4 1 4
github.com/srockstyle/mackerel-plugin-puma-v2/lib/gc.go:175.2,175.103 1 4
github.com/srockstyle/mackerel-plugin-puma-v2/lib/gc.go:175.103,176.23 1 12
github.com/srockstyle/mackerel-plugin-puma-v2/lib/gc.go:176.23,178.4 1 4
github.com/srockstyle/mackerel-plugin-puma-v2/lib/gc.go:181.2,181.44 1 4
github.com/srockstyle/mackerel-plugin-puma-v2/lib/gc.go:181.44,183.3 1 2
github.com/srockstyle/mackerel-plugin-puma-v2/lib/gc.go:186.2,186.73 1 4
github.com/srockstyle/mackerel-plugin-puma-v2/lib/gc.go:186.73,187.23 1 8
github.com/srockstyle/mackerel-plugin-puma-v2/lib/gc.go:187.23,189.4 1 3
github.com/srockstyle/mackerel-plugin-puma-v2/lib/gc.go:191.2,191.83 1 4
github.com/srockstyle/mackerel-plugin-puma-v2/lib/gc.go:191.83,192.23 1 8
github.com/srockstyle/mackerel-plugin-puma-v2/lib/gc.go:192.23,194.4 1 3
github.com/srockstyle/mackerel-plugin-puma-v2/lib/gc.go:196.2,196.93 1 4
github.com/srockstyle/mackerel-plugin-puma-v2/lib/gc.go:196.93,197.23 1 8
github.com/srockstyle/mackerel-plugin-puma-v2/lib/gc.go:197.23,199.4 1 3
github.com/srockstyle/mackerel-plugin-puma-v2/lib/gc.go:201.2,201.95 1 4
github.com/srockstyle/mackerel-plugin-puma-v2/lib/gc.go:201.95,202.23 1 8
github.com/srockstyle/mackerel-plugin-puma-v2/lib/gc.go:202.23,204.4 1 3
github.com/srockstyle/mackerel-plugin-puma-v2/lib/gc.go:207.2,207.17 1 4
github.com/srockstyle/mackerel-plugin-puma-v2/lib/puma.go:20.58,23.23 2 0
github.com/srockstyle/mackerel-plugin-puma-v2/lib/puma.go:23.23,25.3 1 0
github.com/srockstyle/mackerel-plugin-puma-v2/lib/puma.go:26.2,26.23 1 0
github.com/srockstyle/mackerel-plugin-puma-v2/lib/puma.go:26.23,28.3 1 0
github.com/srockstyle/mackerel-plugin-puma-v2/lib/puma.go:29.2,29.14 1 0
github.com/srockstyle/mackerel-plugin-puma-v2/lib/puma.go:33.64,37.16 3 0
github.com/srockstyle/mackerel-plugin-puma-v2/lib/puma.go:37.16,39.3 1 0
github.com/srockstyle/mackerel-plugin-puma-v2/lib/puma.go:41.2,43.23 2 0
github.com/srockstyle/mackerel-plugin-puma-v2/lib/puma.go:43.23,45.3 1 0
github.com/srockstyle/mackerel-plugin-puma-v2/lib/puma.go:47.2,48.16 2 0
github.com/srockstyle/mackerel-plugin-puma-v2/lib/puma.go:48.16,50.3 1 0
github.com/srockstyle/mackerel-plugin-puma-v2/lib/puma.go:52.2,56.17 3 0
github.com/srockstyle/mackerel-plugin-puma-v2/lib/puma.go:61.60,64.22 2 2
github.com/srockstyle/mackerel-plugin-puma-v2/lib/puma.go:64.22,66.3 1 0
github.com/srockstyle/mackerel-plugin-puma-v2/lib/puma.go:68.2,68.23 1 2
github.com/srockstyle/mackerel-plugin-puma-v2/lib/puma.go:68.23,70.3 1 1
github.com/srockstyle/mackerel-plugin-puma-v2/lib/puma.go:72.2,72.31 1 1
github.com/srockstyle/mackerel-plugin-puma-v2/lib/puma.go:72.31,74.3 1 4
github.com/srockstyle/mackerel-plugin-puma-v2/lib/puma.go:75.2,75.17 1 1
github.com/srockstyle/mackerel-plugin-puma-v2/lib/puma.go:79.46,80.20 1 0
github.com/srockstyle/mackerel-plugin-puma-v2/lib/puma.go:80.20,82.3 1 0
github.com/srockstyle/mackerel-plugin-puma-v2/lib/puma.go:83.2,83.17 1 0
github.com/srockstyle/mackerel-plugin-puma-v2/lib/puma.go:87.11,112.2 13 0
github.com/srockstyle/mackerel-plugin-puma-v2/lib/stat.go:104.51,110.18 3 0
github.com/srockstyle/mackerel-plugin-puma-v2/lib/stat.go:110.18,112.62 1 0
github.com/srockstyle/mackerel-plugin-puma-v2/lib/stat.go:112.62,114.5 1 0
github.com/srockstyle/mackerel-plugin-puma-v2/lib/stat.go:116.8,118.3 1 0
github.com/srockstyle/mackerel-plugin-puma-v2/lib/stat.go:120.2,122.16 3 0
github.com/srockstyle/mackerel-plugin-puma-v2/lib/stat.go:122.16,124.3 1 0
github.com/srockstyle/mackerel-plugin-puma-v2/lib/stat.go:125.2,127.28 2 0
github.com/srockstyle/mackerel-plugin-puma-v2/lib/stat.go:127.28,129.3 1 0
github.com/srockstyle/mackerel-plugin-puma-v2/lib/stat.go:130.2,130.66 1 0
github.com/srockstyle/mackerel-plugin-puma-v2/lib/stat.go:130.66,132.3 1 0
github.com/srockstyle/mackerel-plugin-puma-v2/lib/stat.go:134.2,134.20 1 0
github.com/srockstyle/mackerel-plugin-puma-v2/lib/stat.go:138.72,141.22 2 2
github.com/srockstyle/mackerel-plugin-puma-v2/lib/stat.go:141.22,146.3 4 1
github.com/srockstyle/mackerel-plugin-puma-v2/lib/stat.go:148.2,153.39 5 1
github.com/srockstyle/mackerel-plugin-puma-v2/lib/stat.go:153.39,157.3 3 2
github.com/srockstyle/mackerel-plugin-puma-v2/lib/stat.go:159.2,159.12 1 1
